2025-06-01 00:32:43.811 [info] [main] Log level: Info
2025-06-01 00:32:43.811 [info] [main] Validating found git in: "git"
2025-06-01 00:32:43.811 [info] [main] Using git "2.47.2" from "git"
2025-06-01 00:32:43.811 [info] [Model][doInitialScan] Initial repository scan started
2025-06-01 00:32:43.811 [info] > git rev-parse --show-toplevel [7ms]
2025-06-01 00:32:43.811 [info] > git rev-parse --git-dir --git-common-dir [3ms]
2025-06-01 00:32:43.812 [info] [Model][openRepository] Opened repository (path): /home/runner/workspace
2025-06-01 00:32:43.812 [info] [Model][openRepository] Opened repository (real path): /home/runner/workspace
2025-06-01 00:32:43.812 [info] > git config --get commit.template [6ms]
2025-06-01 00:32:43.812 [info] > git rev-parse --show-toplevel [6ms]
2025-06-01 00:32:43.812 [info] > git for-each-ref --format=%(refname)%00%(upstream:short)%00%(objectname)%00%(upstream:track)%00%(upstream:remotename)%00%(upstream:remoteref) refs/heads/main refs/remotes/main [7ms]
2025-06-01 00:32:43.812 [info] > git rev-parse --show-toplevel [15ms]
2025-06-01 00:32:43.812 [info] > git for-each-ref --sort -committerdate --format %(refname)%00%(objectname)%00%(*objectname) [3ms]
2025-06-01 00:32:43.812 [info] > git rev-parse --show-toplevel [2ms]
2025-06-01 00:32:43.812 [info] > git status -z -uall [13ms]
2025-06-01 00:32:43.812 [info] > git for-each-ref --format=%(refname)%00%(upstream:short)%00%(objectname)%00%(upstream:track)%00%(upstream:remotename)%00%(upstream:remoteref) refs/heads/main refs/remotes/main [8ms]
2025-06-01 00:32:43.812 [info] > git rev-parse --show-toplevel [42ms]
2025-06-01 00:32:43.812 [info] > git config --get commit.template [15ms]
2025-06-01 00:32:43.812 [info] > git rev-parse --show-toplevel [2ms]
2025-06-01 00:32:43.812 [info] > git config --get --local branch.main.vscode-merge-base [24ms]
2025-06-01 00:32:43.812 [warning] [Git][config] git config failed: Failed to execute git
2025-06-01 00:32:43.812 [info] > git rev-parse --show-toplevel [7ms]
2025-06-01 00:32:43.812 [info] > git for-each-ref --format=%(refname)%00%(upstream:short)%00%(objectname)%00%(upstream:track)%00%(upstream:remotename)%00%(upstream:remoteref) refs/heads/main refs/remotes/main [17ms]
2025-06-01 00:32:43.812 [info] > git rev-parse --show-toplevel [2ms]
2025-06-01 00:32:43.844 [info] > git status -z -uall [23ms]
2025-06-01 00:32:43.844 [info] > git rev-parse --show-toplevel [27ms]
2025-06-01 00:32:43.858 [info] > git for-each-ref --sort -committerdate --format %(refname)%00%(objectname)%00%(*objectname) [23ms]
2025-06-01 00:32:43.877 [info] > git for-each-ref --format=%(refname)%00%(upstream:short)%00%(objectname)%00%(upstream:track)%00%(upstream:remotename)%00%(upstream:remoteref) refs/heads/main refs/remotes/main [8ms]
2025-06-01 00:32:43.887 [info] > git config --get --local branch.main.vscode-merge-base [6ms]
2025-06-01 00:32:43.887 [warning] [Git][config] git config failed: Failed to execute git
2025-06-01 00:32:43.892 [info] > git rev-parse --show-toplevel [15ms]
2025-06-01 00:32:43.898 [info] [Model][doInitialScan] Initial repository scan completed - repositories (1), closed repositories (0), parent repositories (0), unsafe repositories (0)
2025-06-01 00:32:43.898 [info] > git reflog main --grep-reflog=branch: Created from *. [94ms]
2025-06-01 00:32:43.904 [info] > git symbolic-ref --short refs/remotes/origin/HEAD [4ms]
2025-06-01 00:32:43.908 [info] > git for-each-ref --format=%(refname)%00%(upstream:short)%00%(objectname)%00%(upstream:track)%00%(upstream:remotename)%00%(upstream:remoteref) refs/heads/origin/main refs/remotes/origin/main [2ms]
2025-06-01 00:32:43.914 [info] > git config --add --local branch.main.vscode-merge-base origin/main [2ms]
2025-06-01 00:32:43.923 [info] > git config --get commit.template [5ms]
2025-06-01 00:32:43.925 [info] > git reflog main --grep-reflog=branch: Created from *. [33ms]
2025-06-01 00:32:43.927 [info] > git for-each-ref --format=%(refname)%00%(upstream:short)%00%(objectname)%00%(upstream:track)%00%(upstream:remotename)%00%(upstream:remoteref) refs/heads/main refs/remotes/main [5ms]
2025-06-01 00:32:43.935 [info] > git status -z -uall [4ms]
2025-06-01 00:32:43.935 [info] > git symbolic-ref --short refs/remotes/origin/HEAD [8ms]
2025-06-01 00:32:43.938 [info] > git for-each-ref --format=%(refname)%00%(upstream:short)%00%(objectname)%00%(upstream:track)%00%(upstream:remotename)%00%(upstream:remoteref) refs/heads/origin/main refs/remotes/origin/main [1ms]
2025-06-01 00:32:43.942 [info] > git for-each-ref --sort -committerdate --format %(refname)%00%(objectname)%00%(*objectname) [8ms]
2025-06-01 00:32:43.951 [info] > git for-each-ref --format=%(refname)%00%(upstream:short)%00%(objectname)%00%(upstream:track)%00%(upstream:remotename)%00%(upstream:remoteref) refs/heads/main refs/remotes/main [4ms]
2025-06-01 00:32:43.956 [info] > git config --add --local branch.main.vscode-merge-base origin/main [15ms]
2025-06-01 00:32:43.960 [info] > git merge-base refs/heads/main refs/remotes/origin/main [10ms]
2025-06-01 00:32:43.964 [info] > git config --get commit.template [4ms]
2025-06-01 00:32:43.965 [info] > git config --get --local branch.main.vscode-merge-base [8ms]
2025-06-01 00:32:43.969 [info] > git diff --name-status -z --diff-filter=ADMR e8b601ce9608da78c57d514ab37e7882e664481b...refs/remotes/origin/main [6ms]
2025-06-01 00:32:43.972 [info] > git for-each-ref --format=%(refname)%00%(upstream:short)%00%(objectname)%00%(upstream:track)%00%(upstream:remotename)%00%(upstream:remoteref) refs/heads/origin/main refs/remotes/origin/main [4ms]
2025-06-01 00:32:43.973 [info] > git for-each-ref --format=%(refname)%00%(upstream:short)%00%(objectname)%00%(upstream:track)%00%(upstream:remotename)%00%(upstream:remoteref) refs/heads/main refs/remotes/main [1ms]
2025-06-01 00:32:43.980 [info] > git status -z -uall [4ms]
2025-06-01 00:32:43.983 [info] > git for-each-ref --sort -committerdate --format %(refname)%00%(objectname)%00%(*objectname) [4ms]
2025-06-01 00:32:44.791 [info] > git check-ignore -v -z --stdin [8ms]
2025-06-01 00:32:45.328 [info] > git config --get commit.template [22ms]
2025-06-01 00:32:45.862 [info] > git for-each-ref --format=%(refname)%00%(upstream:short)%00%(objectname)%00%(upstream:track)%00%(upstream:remotename)%00%(upstream:remoteref) refs/heads/main refs/remotes/main [535ms]
2025-06-01 00:32:46.182 [info] > git status -z -uall [297ms]
2025-06-01 00:32:47.835 [info] > git for-each-ref --sort -committerdate --format %(refname)%00%(objectname)%00%(*objectname) [1940ms]
2025-06-01 00:32:47.878 [info] > git config --get commit.template [17ms]
2025-06-01 00:32:48.245 [info] > git for-each-ref --format=%(refname)%00%(upstream:short)%00%(objectname)%00%(upstream:track)%00%(upstream:remotename)%00%(upstream:remoteref) refs/heads/main refs/remotes/main [362ms]
2025-06-01 00:32:48.487 [info] > git status -z -uall [219ms]
2025-06-01 00:32:48.494 [info] > git for-each-ref --sort -committerdate --format %(refname)%00%(objectname)%00%(*objectname) [222ms]
2025-06-01 00:32:55.913 [info] > git config --get commit.template [5ms]
2025-06-01 00:32:55.913 [info] > git for-each-ref --format=%(refname)%00%(upstream:short)%00%(objectname)%00%(upstream:track)%00%(upstream:remotename)%00%(upstream:remoteref) refs/heads/main refs/remotes/main [2ms]
2025-06-01 00:32:55.926 [info] > git status -z -uall [6ms]
2025-06-01 00:32:55.926 [info] > git for-each-ref --sort -committerdate --format %(refname)%00%(objectname)%00%(*objectname) [3ms]
2025-06-01 00:33:00.949 [info] > git config --get commit.template [7ms]
2025-06-01 00:33:00.949 [info] > git for-each-ref --format=%(refname)%00%(upstream:short)%00%(objectname)%00%(upstream:track)%00%(upstream:remotename)%00%(upstream:remoteref) refs/heads/main refs/remotes/main [1ms]
2025-06-01 00:33:00.959 [info] > git status -z -uall [5ms]
2025-06-01 00:33:00.961 [info] > git for-each-ref --sort -committerdate --format %(refname)%00%(objectname)%00%(*objectname) [3ms]
2025-06-01 00:33:05.974 [info] > git config --get commit.template [6ms]
2025-06-01 00:33:05.974 [info] > git for-each-ref --format=%(refname)%00%(upstream:short)%00%(objectname)%00%(upstream:track)%00%(upstream:remotename)%00%(upstream:remoteref) refs/heads/main refs/remotes/main [2ms]
2025-06-01 00:33:05.982 [info] > git status -z -uall [4ms]
2025-06-01 00:33:05.983 [info] > git for-each-ref --sort -committerdate --format %(refname)%00%(objectname)%00%(*objectname) [1ms]
2025-06-01 00:33:10.995 [info] > git config --get commit.template [3ms]
2025-06-01 00:33:10.995 [info] > git for-each-ref --format=%(refname)%00%(upstream:short)%00%(objectname)%00%(upstream:track)%00%(upstream:remotename)%00%(upstream:remoteref) refs/heads/main refs/remotes/main [1ms]
2025-06-01 00:33:11.003 [info] > git status -z -uall [3ms]
2025-06-01 00:33:11.004 [info] > git for-each-ref --sort -committerdate --format %(refname)%00%(objectname)%00%(*objectname) [1ms]
2025-06-01 00:33:16.015 [info] > git config --get commit.template [4ms]
2025-06-01 00:33:16.017 [info] > git for-each-ref --format=%(refname)%00%(upstream:short)%00%(objectname)%00%(upstream:track)%00%(upstream:remotename)%00%(upstream:remoteref) refs/heads/main refs/remotes/main [2ms]
2025-06-01 00:33:16.026 [info] > git status -z -uall [5ms]
2025-06-01 00:33:16.026 [info] > git for-each-ref --sort -committerdate --format %(refname)%00%(objectname)%00%(*objectname) [2ms]
2025-06-01 00:33:21.041 [info] > git config --get commit.template [6ms]
2025-06-01 00:33:21.041 [info] > git for-each-ref --format=%(refname)%00%(upstream:short)%00%(objectname)%00%(upstream:track)%00%(upstream:remotename)%00%(upstream:remoteref) refs/heads/main refs/remotes/main [1ms]
2025-06-01 00:33:21.050 [info] > git status -z -uall [4ms]
2025-06-01 00:33:21.051 [info] > git for-each-ref --sort -committerdate --format %(refname)%00%(objectname)%00%(*objectname) [1ms]
2025-06-01 00:33:26.067 [info] > git config --get commit.template [7ms]
2025-06-01 00:33:26.069 [info] > git for-each-ref --format=%(refname)%00%(upstream:short)%00%(objectname)%00%(upstream:track)%00%(upstream:remotename)%00%(upstream:remoteref) refs/heads/main refs/remotes/main [3ms]
2025-06-01 00:33:26.079 [info] > git status -z -uall [5ms]
2025-06-01 00:33:26.080 [info] > git for-each-ref --sort -committerdate --format %(refname)%00%(objectname)%00%(*objectname) [2ms]
2025-06-01 00:33:28.990 [info] > git log --format=%H%n%aN%n%aE%n%at%n%ct%n%P%n%D%n%B -z --shortstat --diff-merges=first-parent -n50 --skip=0 --topo-order --decorate=full --stdin [174ms]
2025-06-01 00:33:29.329 [info] > git check-ignore -v -z --stdin [2ms]
2025-06-01 00:33:31.101 [info] > git config --get commit.template [13ms]
2025-06-01 00:33:31.102 [info] > git for-each-ref --format=%(refname)%00%(upstream:short)%00%(objectname)%00%(upstream:track)%00%(upstream:remotename)%00%(upstream:remoteref) refs/heads/main refs/remotes/main [2ms]
2025-06-01 00:33:31.126 [info] > git status -z -uall [7ms]
2025-06-01 00:33:31.128 [info] > git for-each-ref --sort -committerdate --format %(refname)%00%(objectname)%00%(*objectname) [3ms]
2025-06-01 00:33:36.142 [info] > git config --get commit.template [4ms]
2025-06-01 00:33:36.142 [info] > git for-each-ref --format=%(refname)%00%(upstream:short)%00%(objectname)%00%(upstream:track)%00%(upstream:remotename)%00%(upstream:remoteref) refs/heads/main refs/remotes/main [1ms]
2025-06-01 00:33:36.151 [info] > git status -z -uall [5ms]
2025-06-01 00:33:36.153 [info] > git for-each-ref --sort -committerdate --format %(refname)%00%(objectname)%00%(*objectname) [2ms]
2025-06-01 00:33:41.161 [info] > git config --get commit.template [1ms]
2025-06-01 00:33:41.166 [info] > git for-each-ref --format=%(refname)%00%(upstream:short)%00%(objectname)%00%(upstream:track)%00%(upstream:remotename)%00%(upstream:remoteref) refs/heads/main refs/remotes/main [1ms]
2025-06-01 00:33:41.174 [info] > git status -z -uall [4ms]
2025-06-01 00:33:41.175 [info] > git for-each-ref --sort -committerdate --format %(refname)%00%(objectname)%00%(*objectname) [1ms]
2025-06-01 00:33:46.185 [info] > git config --get commit.template [2ms]
2025-06-01 00:33:46.194 [info] > git for-each-ref --format=%(refname)%00%(upstream:short)%00%(objectname)%00%(upstream:track)%00%(upstream:remotename)%00%(upstream:remoteref) refs/heads/main refs/remotes/main [3ms]
2025-06-01 00:33:46.206 [info] > git status -z -uall [7ms]
2025-06-01 00:33:46.208 [info] > git for-each-ref --sort -committerdate --format %(refname)%00%(objectname)%00%(*objectname) [1ms]
